<?xml version="1.0" encoding="UTF-8"?>
<!-- Generated by org.testng.reporters.JUnitReportReporter -->
<testsuite hostname="LAPTOP-MU36A4M1" failures="0" tests="1" name="tests.Dynammicloadingtest" time="6.822" errors="0" timestamp="12 Nov 2021 17:03:25 GMT" skipped="0">
  <testcase classname="tests.Dynammicloadingtest" name="userdynamicloadingtest" time="6.822"/>
</testsuite> <!-- tests.Dynammicloadingtest -->
